
> server@1.0.0 dev
> nodemon index.js

[33m[nodemon] 3.1.14[39m
[33m[nodemon] to restart at any time, enter `rs`[39m
[33m[nodemon] watching path(s): *.*[39m
[33m[nodemon] watching extensions: js,mjs,cjs,json[39m
[32m[nodemon] starting `node index.js`[39m
[dotenv@17.3.1] injecting env (4) from .env -- tip: ⚙️  suppress all logs with { quiet: true }
MongoDB connected: 127.0.0.1
Server running on port 5000
[0mGET /api/health [32m200[0m 1.412 ms - 15[0m
[0mGET /api/health [32m200[0m 0.318 ms - 15[0m
[0mGET /api/products [32m200[0m 18.114 ms - 15028[0m
[0mGET /api/products [36m304[0m 9.810 ms - -[0m
[0mPOST /api/auth/register [32m201[0m 98.918 ms - 459[0m
[0mGET /api/cart [32m200[0m 9.426 ms - 46[0m
[0mGET /api/products [36m304[0m 7.633 ms - -[0m
[0mGET /api/products [36m304[0m 5.651 ms - -[0m
[0mGET /api/products [32m200[0m 4.937 ms - 15028[0m
[0mGET /api/products [36m304[0m 4.186 ms - -[0m
[0mGET /api/products [36m304[0m 4.081 ms - -[0m
[0mGET /api/products [36m304[0m 3.947 ms - -[0m
[0mGET /api/products [36m304[0m 3.195 ms - -[0m
[0mGET /api/products [36m304[0m 3.805 ms - -[0m
[0mGET /api/products [36m304[0m 3.827 ms - -[0m
[0mGET /api/products [36m304[0m 4.053 ms - -[0m
[0mGET /api/products [36m304[0m 3.413 ms - -[0m
[0mGET /api/products [36m304[0m 3.499 ms - -[0m
[0mPOST /api/auth/login [32m200[0m 67.803 ms - 447[0m
[0mGET /api/cart [32m200[0m 6.150 ms - 46[0m
[0mGET /api/orders/my [32m200[0m 5.873 ms - 2[0m
[0mGET /api/orders/my [36m304[0m 2.581 ms - -[0m
[0mGET /api/products [36m304[0m 3.235 ms - -[0m
[0mGET /api/products [36m304[0m 4.615 ms - -[0m
[0mGET /api/products [36m304[0m 2.672 ms - -[0m
[0mGET /api/products [36m304[0m 3.157 ms - -[0m
[0mGET /api/products [36m304[0m 3.082 ms - -[0m
[0mPOST /api/auth/logout [32m200[0m 3.315 ms - 56[0m
